<?xml version="1.0" encoding="UTF-8"?>
<testsuite xmlns:xsi="http://www.w3.org/2001/XMLSchema-instance" xsi:noNamespaceSchemaLocation="https://maven.apache.org/surefire/maven-surefire-plugin/xsd/surefire-test-report-3.0.xsd" version="3.0" name="Library app login feature" time="0.092" tests="2" errors="0" skipped="0" failures="0">
  <properties>
[...]
</properties>
  <testcase name="Login as librarian" classname="Library app login feature" time="0.081">
    <system-out><![CDATA[======Setting up browser using cucumber @Before
======this will only apply to scenarios with @login tag
--------applying setup using @BeforeStep
User is on the library login page
------------> applying tearDown using @AfterStep
--------applying setup using @BeforeStep
user enters librarian username
------------> applying tearDown using @AfterStep
--------applying setup using @BeforeStep
uuser enters librarian password
------------> applying tearDown using @AfterStep
--------applying setup using @BeforeStep
user should see the dashboard
------------> applying tearDown using @AfterStep
]]></system-out>
  </testcase>
  <testcase name="Login as admin" classname="Library app login feature" time="0.011">
    <system-out><![CDATA[======Setting up browser using cucumber @Before
======this will only apply to scenarios with @login tag
--------applying setup using @BeforeStep
User is on the library login page
------------> applying tearDown using @AfterStep
--------applying setup using @BeforeStep
user enters admin username
------------> applying tearDown using @AfterStep
--------applying setup using @BeforeStep
user enter admin password
------------> applying tearDown using @AfterStep
--------applying setup using @BeforeStep
user should see the dashboard
------------> applying tearDown using @AfterStep
]]></system-out>
  </testcase>
</testsuite>